n=10 c=0
It took 0.1722 seconds to finish the search
n=10 c=1
It took 0.1476 seconds to finish the search
n=11 c=0
It took 0.139 seconds to finish the search
n=12 c=0
It took 0.1524 seconds to finish the search
n=12 c=1
It took 0.2012 seconds to finish the search
n=13 c=0
It took 0.1514 seconds to finish the search
n=13 c=1
It took 0.1492 seconds to finish the search
n=13 c=2
It took 0.1478 seconds to finish the search
n=14 c=0
It took 0.1636 seconds to finish the search
n=15 c=0
It took 0.154 seconds to finish the search
n=15 c=1
It took 0.15 seconds to finish the search
n=16 c=0
It took 0.1558 seconds to finish the search
n=16 c=1
It took 0.167 seconds to finish the search
n=17 c=0
It took 0.15 seconds to finish the search
n=17 c=1
It took 0.184 seconds to finish the search
n=18 c=0
It took 0.1528 seconds to finish the search
n=18 c=1
It took 0.2532 seconds to finish the search
n=18 c=2
It took 4.5682 seconds to finish the search
n=19 c=0
It took 0.773 seconds to finish the search
n=19 c=1
It took 0.202 seconds to finish the search
n=19 c=2
It took 0.1604 seconds to finish the search
n=2 c=0
It took 0.1304 seconds to finish the search
n=20 c=0
It took 0.187 seconds to finish the search
n=20 c=1
It took 0.185 seconds to finish the search
n=21 c=0
It took 0.1634 seconds to finish the search
n=21 c=1
It took 0.2354 seconds to finish the search
n=21 c=2
It took 0.2348 seconds to finish the search
n=22 c=0
It took 0.2256 seconds to finish the search
n=22 c=1
It took 0.2794 seconds to finish the search
n=23 c=0
It took 0.28 seconds to finish the search
n=23 c=1
It took 0.3384 seconds to finish the search
n=24 c=0
It took 0.322 seconds to finish the search
n=25 c=0
It took 0.4178 seconds to finish the search
n=25 c=1
It took 0.5052 seconds to finish the search
n=25 c=2
It took 0.4934 seconds to finish the search
n=25 c=3
It took 0.6176 seconds to finish the search
n=26 c=0
It took 0.5262 seconds to finish the search
n=26 c=1
It took 0.6674 seconds to finish the search
n=26 c=2
It took 0.735 seconds to finish the search
n=27 c=0
It took 1.2136 seconds to finish the search
n=27 c=1
It took 1.5828 seconds to finish the search
n=27 c=2
It took 1.16 seconds to finish the search
n=27 c=3
It took 1.454 seconds to finish the search
n=28 c=0
It took 1.6738 seconds to finish the search
n=28 c=1
It took 1.5198 seconds to finish the search
n=28 c=2
It took 1.385 seconds to finish the search
n=29 c=0
It took 5.2984 seconds to finish the search
n=29 c=1
It took 3.263 seconds to finish the search
n=3 c=0
It took 0.1758 seconds to finish the search
n=30 c=0
It took 2.7606 seconds to finish the search
n=30 c=1
It took 4.4024 seconds to finish the search
n=31 c=0
It took 22.2146 seconds to finish the search
n=31 c=1
It took 22.8414 seconds to finish the search
n=31 c=2
It took 17.3276 seconds to finish the search
n=31 c=3
It took 22.4306 seconds to finish the search
n=32 c=0
head: 206SOLUTION: invalid number of lines
head: SOLUTION: invalid number of lines
head: 354SOLUTION: invalid number of lines
head: 1SOLUTION: invalid number of lines
head: 198SOLUTION: invalid number of lines
head: 1SOLUTION: invalid number of lines
head: 1SOLUTION: invalid number of lines
head: SOLUTION: invalid number of lines
head: 1SOLUTION: invalid number of lines
head: 346SOLUTION: invalid number of lines
head: 342SOLUTION: invalid number of lines
head: 88SOLUTION: invalid number of lines
head: 2SOLUTION: invalid number of lines
It took 6.452 seconds to finish the search
n=33 c=0
It took 84.7286 seconds to finish the search
n=33 c=1
It took 109.297 seconds to finish the search
n=33 c=2
It took 134.027 seconds to finish the search
n=33 c=3
It took 83.4342 seconds to finish the search
n=34 c=0
It took 37.507 seconds to finish the search
n=34 c=1
It took 52.5926 seconds to finish the search
n=34 c=2
It took 79.836 seconds to finish the search
n=34 c=3
It took 74.0354 seconds to finish the search
n=35 c=0
It took 576.387 seconds to finish the search
n=35 c=1
It took 491.088 seconds to finish the search
n=35 c=2
It took 532.822 seconds to finish the search
n=4 c=0
It took 0.1488 seconds to finish the search
n=4 c=1
It took 0.147 seconds to finish the search
n=5 c=0
It took 0.158 seconds to finish the search
n=6 c=0
It took 0.1762 seconds to finish the search
n=7 c=0
It took 0.16 seconds to finish the search
n=7 c=1
It took 0.1652 seconds to finish the search
n=8 c=0
It took 0.1572 seconds to finish the search
n=9 c=0
It took 1.4996 seconds to finish the search
n=9 c=1
It took 0.1678 seconds to finish the search
n=analyze c=log
head: 206SOLUTION:: invalid number of lines
head: invalid: invalid number of lines
head: number: invalid number of lines
head: of: invalid number of lines
head: SOLUTION:: invalid number of lines
head: invalid: invalid number of lines
head: number: invalid number of lines
head: of: invalid number of lines
head: 354SOLUTION:: invalid number of lines
head: invalid: invalid number of lines
head: number: invalid number of lines
head: of: invalid number of lines
head: 1SOLUTION:: invalid number of lines
head: invalid: invalid number of lines
head: number: invalid number of lines
head: of: invalid number of lines
head: 198SOLUTION:: invalid number of lines
head: invalid: invalid number of lines
head: number: invalid number of lines
head: of: invalid number of lines
head: 1SOLUTION:: invalid number of lines
head: invalid: invalid number of lines
head: number: invalid number of lines
head: of: invalid number of lines
head: 1SOLUTION:: invalid number of lines
head: invalid: invalid number of lines
head: number: invalid number of lines
head: of: invalid number of lines
head: SOLUTION:: invalid number of lines
head: invalid: invalid number of lines
head: number: invalid number of lines
head: of: invalid number of lines
head: 1SOLUTION:: invalid number of lines
head: invalid: invalid number of lines
head: number: invalid number of lines
head: of: invalid number of lines
head: 346SOLUTION:: invalid number of lines
head: invalid: invalid number of lines
head: number: invalid number of lines
head: of: invalid number of lines
head: 342SOLUTION:: invalid number of lines
head: invalid: invalid number of lines
head: number: invalid number of lines
head: of: invalid number of lines
head: 88SOLUTION:: invalid number of lines
head: invalid: invalid number of lines
head: number: invalid number of lines
head: of: invalid number of lines
head: 2SOLUTION:: invalid number of lines
head: invalid: invalid number of lines
head: number: invalid number of lines
head: of: invalid number of lines
It took 0.1722 seconds to finish the search
It took 0.1476 seconds to finish the search
It took 0.139 seconds to finish the search
It took 0.1524 seconds to finish the search
It took 0.2012 seconds to finish the search
It took 0.1514 seconds to finish the search
It took 0.1492 seconds to finish the search
It took 0.1478 seconds to finish the search
It took 0.1636 seconds to finish the search
It took 0.154 seconds to finish the search
It took 0.15 seconds to finish the search
It took 0.1558 seconds to finish the search
It took 0.167 seconds to finish the search
It took 0.15 seconds to finish the search
It took 0.184 seconds to finish the search
It took 0.1528 seconds to finish the search
It took 0.2532 seconds to finish the search
It took 4.5682 seconds to finish the search
It took 0.773 seconds to finish the search
It took 0.202 seconds to finish the search
It took 0.1604 seconds to finish the search
It took 0.1304 seconds to finish the search
It took 0.187 seconds to finish the search
It took 0.185 seconds to finish the search
It took 0.1634 seconds to finish the search
It took 0.2354 seconds to finish the search
It took 0.2348 seconds to finish the search
It took 0.2256 seconds to finish the search
It took 0.2794 seconds to finish the search
It took 0.28 seconds to finish the search
It took 0.3384 seconds to finish the search
It took 0.322 seconds to finish the search
It took 0.4178 seconds to finish the search
It took 0.5052 seconds to finish the search
It took 0.4934 seconds to finish the search
It took 0.6176 seconds to finish the search
It took 0.5262 seconds to finish the search
It took 0.6674 seconds to finish the search
It took 0.735 seconds to finish the search
It took 1.2136 seconds to finish the search
It took 1.5828 seconds to finish the search
It took 1.16 seconds to finish the search
It took 1.454 seconds to finish the search
It took 1.6738 seconds to finish the search
It took 1.5198 seconds to finish the search
It took 1.385 seconds to finish the search
It took 5.2984 seconds to finish the search
It took 3.263 seconds to finish the search
It took 0.1758 seconds to finish the search
It took 2.7606 seconds to finish the search
It took 4.4024 seconds to finish the search
It took 22.2146 seconds to finish the search
It took 22.8414 seconds to finish the search
It took 17.3276 seconds to finish the search
It took 22.4306 seconds to finish the search
It took 6.452 seconds to finish the search
It took 84.7286 seconds to finish the search
It took 109.297 seconds to finish the search
It took 134.027 seconds to finish the search
It took 83.4342 seconds to finish the search
It took 37.507 seconds to finish the search
It took 52.5926 seconds to finish the search
It took 79.836 seconds to finish the search
It took 74.0354 seconds to finish the search
It took 576.387 seconds to finish the search
It took 491.088 seconds to finish the search
It took 532.822 seconds to finish the search
It took 0.1488 seconds to finish the search
It took 0.147 seconds to finish the search
It took 0.158 seconds to finish the search
It took 0.1762 seconds to finish the search
It took 0.16 seconds to finish the search
It took 0.1652 seconds to finish the search
It took 0.1572 seconds to finish the search
It took 1.4996 seconds to finish the search
It took 0.1678 seconds to finish the search
--- SharcNET Job Epilogue ---
              job id: 9053696
         exit status: 0
            cpu time: 2.0h / 24.0h (8 %)
        elapsed time: 7.5h / 24.0h (31 %)
      virtual memory: 718.7M / 1.0G (70 %)

Job completed successfully
WARNING: Job only used 31 % of its requested walltime.
WARNING: Job only used 8 % of its requested cpu time.
WARNING: Job only used 26 % of allocated cpu time.
WARNING: Job only used 70% of its requested memory.
